In file included from /usr/lib/gcc/i686-redhat-linux/4.4.7/../../../../include/c++/4.4.7/cwchar:47,
                 from /usr/lib/gcc/i686-redhat-linux/4.4.7/../../../../include/c++/4.4.7/bits/postypes.h:42,
                 from /usr/lib/gcc/i686-redhat-linux/4.4.7/../../../../include/c++/4.4.7/iosfwd:42,
                 from /usr/lib/gcc/i686-redhat-linux/4.4.7/../../../../include/c++/4.4.7/ios:39,
                 from /usr/lib/gcc/i686-redhat-linux/4.4.7/../../../../include/c++/4.4.7/ostream:40,
                 from /usr/lib/gcc/i686-redhat-linux/4.4.7/../../../../include/c++/4.4.7/iostream:40,
                 from my_json.h:3,
                 from my_json.cpp:1:
/usr/include/wchar.h:75:43: error: missing binary operator before token "("
In file included from /usr/include/sched.h:43,
                 from /usr/include/pthread.h:25,
                 from /usr/lib/gcc/i686-redhat-linux/4.4.7/../../../../include/c++/4.4.7/i686-redhat-linux/bits/gthr-default.h:41,
                 from /usr/lib/gcc/i686-redhat-linux/4.4.7/../../../../include/c++/4.4.7/i686-redhat-linux/bits/gthr.h:162,
                 from /usr/lib/gcc/i686-redhat-linux/4.4.7/../../../../include/c++/4.4.7/ext/atomicity.h:34,
                 from /usr/lib/gcc/i686-redhat-linux/4.4.7/../../../../include/c++/4.4.7/bits/ios_base.h:41,
                 from /usr/lib/gcc/i686-redhat-linux/4.4.7/../../../../include/c++/4.4.7/ios:43,
                 from /usr/lib/gcc/i686-redhat-linux/4.4.7/../../../../include/c++/4.4.7/ostream:40,
                 from /usr/lib/gcc/i686-redhat-linux/4.4.7/../../../../include/c++/4.4.7/iostream:40,
                 from my_json.h:3,
                 from my_json.cpp:1:
/usr/include/bits/sched.h:129:20: error: missing binary operator before token "("
/usr/include/bits/sched.h:167:20: error: missing binary operator before token "("
In file included from /usr/lib/gcc/i686-redhat-linux/4.4.7/../../../../include/c++/4.4.7/cwchar:47,
                 from /usr/lib/gcc/i686-redhat-linux/4.4.7/../../../../include/c++/4.4.7/bits/postypes.h:42,
                 from /usr/lib/gcc/i686-redhat-linux/4.4.7/../../../../include/c++/4.4.7/iosfwd:42,
                 from /usr/lib/gcc/i686-redhat-linux/4.4.7/../../../../include/c++/4.4.7/ios:39,
                 from /usr/lib/gcc/i686-redhat-linux/4.4.7/../../../../include/c++/4.4.7/ostream:40,
                 from /usr/lib/gcc/i686-redhat-linux/4.4.7/../../../../include/c++/4.4.7/iostream:40,
                 from my_json.h:3,
                 from my_json.cpp:1:
/usr/include/wchar.h:106: error: expected constructor, destructor, or type conversion before ‘typedef’
/usr/include/wchar.h:107: error: ‘__END_NAMESPACE_C99’ does not name a type
/usr/include/wchar.h:135: error: ‘__END_NAMESPACE_STD’ does not name a type
/usr/include/wchar.h:149: error: expected initializer before ‘__THROW’
/usr/include/wchar.h:153: error: expected initializer before ‘__THROW’
/usr/include/wchar.h:157: error: expected initializer before ‘__THROW’
/usr/include/wchar.h:161: error: expected initializer before ‘__THROW’
/usr/include/wchar.h:164: error: expected initializer before ‘__THROW’
/usr/include/wchar.h:165: error: ‘__END_NAMESPACE_STD’ does not name a type
/usr/include/wchar.h:194: error: expected initializer before ‘__THROW’
/usr/include/wchar.h:195: error: ‘__END_NAMESPACE_STD’ does not name a type
/usr/include/wchar.h:235: error: expected initializer before ‘__THROW’
/usr/include/wchar.h:237: error: ‘__END_NAMESPACE_STD’ does not name a type
/usr/include/wchar.h:254: error: expected initializer before ‘__THROW’
/usr/include/wchar.h:264: error: expected initializer before ‘__THROW’
/usr/include/wchar.h:275: error: expected initializer before ‘__THROW’
/usr/include/wchar.h:281: error: expected initializer before ‘__THROW’
/usr/include/wchar.h:284: error: expected initializer before ‘__THROW’
/usr/include/wchar.h:285: error: ‘__END_NAMESPACE_STD’ does not name a type
/usr/include/wchar.h:324: error: expected initializer before ‘__THROW’
/usr/include/wchar.h:328: error: expected initializer before ‘__THROW’
/usr/include/wchar.h:333: error: expected initializer before ‘__THROW’
/usr/include/wchar.h:336: error: expected initializer before ‘__THROW’
/usr/include/wchar.h:337: error: ‘__END_NAMESPACE_STD’ does not name a type
/usr/include/wchar.h:355: error: expected initializer before ‘__THROW’
/usr/include/wchar.h:359: error: expected ‘,’ or ‘...’ before ‘*’ token
/usr/include/wchar.h:359: error: expected initializer before ‘__THROW’
/usr/include/wchar.h:365: error: ‘mbstate_t’ has not been declared
/usr/include/wchar.h:365: error: expected initializer before ‘__THROW’
/usr/include/wchar.h:369: error: ‘mbstate_t’ has not been declared
/usr/include/wchar.h:369: error: expected initializer before ‘__THROW’
/usr/include/wchar.h:373: error: ‘mbstate_t’ has not been declared
/usr/include/wchar.h:373: error: expected initializer before ‘__THROW’
/usr/include/wchar.h:375: error: ‘mbstate_t’ has not been declared
/usr/include/wchar.h:375: error: expected initializer before ‘__THROW’
/usr/include/wchar.h:376: error: ‘__END_NAMESPACE_STD’ does not name a type
/usr/include/wchar.h:414: error: ‘mbstate_t’ has not been declared
/usr/include/wchar.h:414: error: expected initializer before ‘__THROW’
/usr/include/wchar.h:415: error: ‘__END_NAMESPACE_STD’ does not name a type
/usr/include/wchar.h:450: error: ‘__END_NAMESPACE_STD’ does not name a type
/usr/include/wchar.h:473: error: expected initializer before ‘__THROW’
/usr/include/wchar.h:474: error: ‘__END_NAMESPACE_STD’ does not name a type
/usr/include/wchar.h:788: error: ‘__END_NAMESPACE_STD’ does not name a type
/usr/include/wchar.h:856: error: ‘__END_NAMESPACE_C99’ does not name a type
In file included from /usr/lib/gcc/i686-redhat-linux/4.4.7/../../../../include/c++/4.4.7/bits/postypes.h:42,
                 from /usr/lib/gcc/i686-redhat-linux/4.4.7/../../../../include/c++/4.4.7/iosfwd:42,
                 from /usr/lib/gcc/i686-redhat-linux/4.4.7/../../../../include/c++/4.4.7/ios:39,
                 from /usr/lib/gcc/i686-redhat-linux/4.4.7/../../../../include/c++/4.4.7/ostream:40,
                 from /usr/lib/gcc/i686-redhat-linux/4.4.7/../../../../include/c++/4.4.7/iostream:40,
                 from my_json.h:3,
                 from my_json.cpp:1:
/usr/lib/gcc/i686-redhat-linux/4.4.7/../../../../include/c++/4.4.7/cwchar:143: error: ‘::btowc’ has not been declared
/usr/lib/gcc/i686-redhat-linux/4.4.7/../../../../include/c++/4.4.7/cwchar:144: error: ‘::fgetwc’ has not been declared
/usr/lib/gcc/i686-redhat-linux/4.4.7/../../../../include/c++/4.4.7/cwchar:148: error: ‘::fwide’ has not been declared
/usr/lib/gcc/i686-redhat-linux/4.4.7/../../../../include/c++/4.4.7/cwchar:149: error: ‘::fwprintf’ has not been declared
/usr/lib/gcc/i686-redhat-linux/4.4.7/../../../../include/c++/4.4.7/cwchar:150: error: ‘::fwscanf’ has not been declared
/usr/lib/gcc/i686-redhat-linux/4.4.7/../../../../include/c++/4.4.7/cwchar:153: error: ‘::mbrlen’ has not been declared
/usr/lib/gcc/i686-redhat-linux/4.4.7/../../../../include/c++/4.4.7/cwchar:154: error: ‘::mbrtowc’ has not been declared
/usr/lib/gcc/i686-redhat-linux/4.4.7/../../../../include/c++/4.4.7/cwchar:155: error: ‘::mbsinit’ has not been declared
/usr/lib/gcc/i686-redhat-linux/4.4.7/../../../../include/c++/4.4.7/cwchar:156: error: ‘::mbsrtowcs’ has not been declared
/usr/lib/gcc/i686-redhat-linux/4.4.7/../../../../include/c++/4.4.7/cwchar:159: error: ‘::swprintf’ has not been declared
/usr/lib/gcc/i686-redhat-linux/4.4.7/../../../../include/c++/4.4.7/cwchar:160: error: ‘::swscanf’ has not been declared
/usr/lib/gcc/i686-redhat-linux/4.4.7/../../../../include/c++/4.4.7/cwchar:162: error: ‘::vfwprintf’ has not been declared
/usr/lib/gcc/i686-redhat-linux/4.4.7/../../../../include/c++/4.4.7/cwchar:164: error: ‘::vfwscanf’ has not been declared
/usr/lib/gcc/i686-redhat-linux/4.4.7/../../../../include/c++/4.4.7/cwchar:166: error: ‘::vswprintf’ has not been declared
/usr/lib/gcc/i686-redhat-linux/4.4.7/../../../../include/c++/4.4.7/cwchar:168: error: ‘::vswscanf’ has not been declared
/usr/lib/gcc/i686-redhat-linux/4.4.7/../../../../include/c++/4.4.7/cwchar:170: error: ‘::vwprintf’ has not been declared
/usr/lib/gcc/i686-redhat-linux/4.4.7/../../../../include/c++/4.4.7/cwchar:172: error: ‘::vwscanf’ has not been declared
/usr/lib/gcc/i686-redhat-linux/4.4.7/../../../../include/c++/4.4.7/cwchar:174: error: ‘::wcrtomb’ has not been declared
/usr/lib/gcc/i686-redhat-linux/4.4.7/../../../../include/c++/4.4.7/cwchar:175: error: ‘::wcscat’ has not been declared
/usr/lib/gcc/i686-redhat-linux/4.4.7/../../../../include/c++/4.4.7/cwchar:176: error: ‘::wcscmp’ has not been declared
/usr/lib/gcc/i686-redhat-linux/4.4.7/../../../../include/c++/4.4.7/cwchar:177: error: ‘::wcscoll’ has not been declared
/usr/lib/gcc/i686-redhat-linux/4.4.7/../../../../include/c++/4.4.7/cwchar:178: error: ‘::wcscpy’ has not been declared
/usr/lib/gcc/i686-redhat-linux/4.4.7/../../../../include/c++/4.4.7/cwchar:179: error: ‘::wcscspn’ has not been declared
/usr/lib/gcc/i686-redhat-linux/4.4.7/../../../../include/c++/4.4.7/cwchar:180: error: ‘::wcsftime’ has not been declared
/usr/lib/gcc/i686-redhat-linux/4.4.7/../../../../include/c++/4.4.7/cwchar:181: error: ‘::wcslen’ has not been declared
/usr/lib/gcc/i686-redhat-linux/4.4.7/../../../../include/c++/4.4.7/cwchar:182: error: ‘::wcsncat’ has not been declared
/usr/lib/gcc/i686-redhat-linux/4.4.7/../../../../include/c++/4.4.7/cwchar:183: error: ‘::wcsncmp’ has not been declared
/usr/lib/gcc/i686-redhat-linux/4.4.7/../../../../include/c++/4.4.7/cwchar:184: error: ‘::wcsncpy’ has not been declared
/usr/lib/gcc/i686-redhat-linux/4.4.7/../../../../include/c++/4.4.7/cwchar:185: error: ‘::wcsrtombs’ has not been declared
/usr/lib/gcc/i686-redhat-linux/4.4.7/../../../../include/c++/4.4.7/cwchar:186: error: ‘::wcsspn’ has not been declared
/usr/lib/gcc/i686-redhat-linux/4.4.7/../../../../include/c++/4.4.7/cwchar:187: error: ‘::wcstod’ has not been declared
/usr/lib/gcc/i686-redhat-linux/4.4.7/../../../../include/c++/4.4.7/cwchar:189: error: ‘::wcstof’ has not been declared
/usr/lib/gcc/i686-redhat-linux/4.4.7/../../../../include/c++/4.4.7/cwchar:191: error: ‘::wcstok’ has not been declared
/usr/lib/gcc/i686-redhat-linux/4.4.7/../../../../include/c++/4.4.7/cwchar:192: error: ‘::wcstol’ has not been declared
/usr/lib/gcc/i686-redhat-linux/4.4.7/../../../../include/c++/4.4.7/cwchar:193: error: ‘::wcstoul’ has not been declared
/usr/lib/gcc/i686-redhat-linux/4.4.7/../../../../include/c++/4.4.7/cwchar:194: error: ‘::wcsxfrm’ has not been declared
/usr/lib/gcc/i686-redhat-linux/4.4.7/../../../../include/c++/4.4.7/cwchar:195: error: ‘::wctob’ has not been declared
/usr/lib/gcc/i686-redhat-linux/4.4.7/../../../../include/c++/4.4.7/cwchar:196: error: ‘::wmemcmp’ has not been declared
/usr/lib/gcc/i686-redhat-linux/4.4.7/../../../../include/c++/4.4.7/cwchar:197: error: ‘::wmemcpy’ has not been declared
/usr/lib/gcc/i686-redhat-linux/4.4.7/../../../../include/c++/4.4.7/cwchar:198: error: ‘::wmemmove’ has not been declared
/usr/lib/gcc/i686-redhat-linux/4.4.7/../../../../include/c++/4.4.7/cwchar:199: error: ‘::wmemset’ has not been declared
/usr/lib/gcc/i686-redhat-linux/4.4.7/../../../../include/c++/4.4.7/cwchar:200: error: ‘::wprintf’ has not been declared
/usr/lib/gcc/i686-redhat-linux/4.4.7/../../../../include/c++/4.4.7/cwchar:201: error: ‘::wscanf’ has not been declared
/usr/lib/gcc/i686-redhat-linux/4.4.7/../../../../include/c++/4.4.7/cwchar:202: error: ‘::wcschr’ has not been declared
/usr/lib/gcc/i686-redhat-linux/4.4.7/../../../../include/c++/4.4.7/cwchar:203: error: ‘::wcspbrk’ has not been declared
/usr/lib/gcc/i686-redhat-linux/4.4.7/../../../../include/c++/4.4.7/cwchar:204: error: ‘::wcsrchr’ has not been declared
/usr/lib/gcc/i686-redhat-linux/4.4.7/../../../../include/c++/4.4.7/cwchar:205: error: ‘::wcsstr’ has not been declared
/usr/lib/gcc/i686-redhat-linux/4.4.7/../../../../include/c++/4.4.7/cwchar:206: error: ‘::wmemchr’ has not been declared
/usr/lib/gcc/i686-redhat-linux/4.4.7/../../../../include/c++/4.4.7/cwchar: In function ‘wchar_t* std::wcschr(wchar_t*, wchar_t)’:
/usr/lib/gcc/i686-redhat-linux/4.4.7/../../../../include/c++/4.4.7/cwchar:211: error: invalid conversion from ‘const wchar_t*’ to ‘wchar_t*’
/usr/lib/gcc/i686-redhat-linux/4.4.7/../../../../include/c++/4.4.7/cwchar:211: error:   initializing argument 1 of ‘wchar_t* std::wcschr(wchar_t*, wchar_t)’
/usr/lib/gcc/i686-redhat-linux/4.4.7/../../../../include/c++/4.4.7/cwchar: In function ‘wchar_t* std::wcspbrk(wchar_t*, const wchar_t*)’:
/usr/lib/gcc/i686-redhat-linux/4.4.7/../../../../include/c++/4.4.7/cwchar:215: error: invalid conversion from ‘const wchar_t*’ to ‘wchar_t*’
/usr/lib/gcc/i686-redhat-linux/4.4.7/../../../../include/c++/4.4.7/cwchar:215: error:   initializing argument 1 of ‘wchar_t* std::wcspbrk(wchar_t*, const wchar_t*)’
/usr/lib/gcc/i686-redhat-linux/4.4.7/../../../../include/c++/4.4.7/cwchar: In function ‘wchar_t* std::wcsrchr(wchar_t*, wchar_t)’:
/usr/lib/gcc/i686-redhat-linux/4.4.7/../../../../include/c++/4.4.7/cwchar:219: error: invalid conversion from ‘const wchar_t*’ to ‘wchar_t*’
/usr/lib/gcc/i686-redhat-linux/4.4.7/../../../../include/c++/4.4.7/cwchar:219: error:   initializing argument 1 of ‘wchar_t* std::wcsrchr(wchar_t*, wchar_t)’
/usr/lib/gcc/i686-redhat-linux/4.4.7/../../../../include/c++/4.4.7/cwchar: In function ‘wchar_t* std::wcsstr(wchar_t*, const wchar_t*)’:
/usr/lib/gcc/i686-redhat-linux/4.4.7/../../../../include/c++/4.4.7/cwchar:223: error: invalid conversion from ‘const wchar_t*’ to ‘wchar_t*’
/usr/lib/gcc/i686-redhat-linux/4.4.7/../../../../include/c++/4.4.7/cwchar:223: error:   initializing argument 1 of ‘wchar_t* std::wcsstr(wchar_t*, const wchar_t*)’
/usr/lib/gcc/i686-redhat-linux/4.4.7/../../../../include/c++/4.4.7/cwchar: In function ‘wchar_t* std::wmemchr(wchar_t*, wchar_t, size_t)’:
/usr/lib/gcc/i686-redhat-linux/4.4.7/../../../../include/c++/4.4.7/cwchar:227: error: invalid conversion from ‘const wchar_t*’ to ‘wchar_t*’
/usr/lib/gcc/i686-redhat-linux/4.4.7/../../../../include/c++/4.4.7/cwchar:227: error:   initializing argument 1 of ‘wchar_t* std::wmemchr(wchar_t*, wchar_t, size_t)’
/usr/lib/gcc/i686-redhat-linux/4.4.7/../../../../include/c++/4.4.7/cwchar: At global scope:
/usr/lib/gcc/i686-redhat-linux/4.4.7/../../../../include/c++/4.4.7/cwchar:245: error: ‘::wcstold’ has not been declared
/usr/lib/gcc/i686-redhat-linux/4.4.7/../../../../include/c++/4.4.7/cwchar:254: error: ‘::wcstoll’ has not been declared
/usr/lib/gcc/i686-redhat-linux/4.4.7/../../../../include/c++/4.4.7/cwchar:255: error: ‘::wcstoull’ has not been declared
/usr/lib/gcc/i686-redhat-linux/4.4.7/../../../../include/c++/4.4.7/cwchar:262: error: ‘__gnu_cxx::wcstold’ has not been declared
/usr/lib/gcc/i686-redhat-linux/4.4.7/../../../../include/c++/4.4.7/cwchar:263: error: ‘__gnu_cxx::wcstoll’ has not been declared
/usr/lib/gcc/i686-redhat-linux/4.4.7/../../../../include/c++/4.4.7/cwchar:264: error: ‘__gnu_cxx::wcstoull’ has not been declared
In file included from /usr/lib/gcc/i686-redhat-linux/4.4.7/../../../../include/c++/4.4.7/iosfwd:42,
                 from /usr/lib/gcc/i686-redhat-linux/4.4.7/../../../../include/c++/4.4.7/ios:39,
                 from /usr/lib/gcc/i686-redhat-linux/4.4.7/../../../../include/c++/4.4.7/ostream:40,
                 from /usr/lib/gcc/i686-redhat-linux/4.4.7/../../../../include/c++/4.4.7/iostream:40,
                 from my_json.h:3,
                 from my_json.cpp:1:
/usr/lib/gcc/i686-redhat-linux/4.4.7/../../../../include/c++/4.4.7/bits/postypes.h:228: error: ‘mbstate_t’ was not declared in this scope
/usr/lib/gcc/i686-redhat-linux/4.4.7/../../../../include/c++/4.4.7/bits/postypes.h:228: error: template argument 1 is invalid
/usr/lib/gcc/i686-redhat-linux/4.4.7/../../../../include/c++/4.4.7/bits/postypes.h:228: error: invalid type in declaration before ‘;’ token
/usr/lib/gcc/i686-redhat-linux/4.4.7/../../../../include/c++/4.4.7/bits/postypes.h:230: error: ‘mbstate_t’ was not declared in this scope
/usr/lib/gcc/i686-redhat-linux/4.4.7/../../../../include/c++/4.4.7/bits/postypes.h:230: error: template argument 1 is invalid
/usr/lib/gcc/i686-redhat-linux/4.4.7/../../../../include/c++/4.4.7/bits/postypes.h:230: error: invalid type in declaration before ‘;’ token
In file included from /usr/lib/gcc/i686-redhat-linux/4.4.7/../../../../include/c++/4.4.7/ios:41,
                 from /usr/lib/gcc/i686-redhat-linux/4.4.7/../../../../include/c++/4.4.7/ostream:40,
                 from /usr/lib/gcc/i686-redhat-linux/4.4.7/../../../../include/c++/4.4.7/iostream:40,
                 from my_json.h:3,
                 from my_json.cpp:1:
/usr/lib/gcc/i686-redhat-linux/4.4.7/../../../../include/c++/4.4.7/bits/char_traits.h:70: error: ‘mbstate_t’ in namespace ‘std’ does not name a type
/usr/lib/gcc/i686-redhat-linux/4.4.7/../../../../include/c++/4.4.7/bits/char_traits.h:243: error: ‘mbstate_t’ does not name a type
/usr/lib/gcc/i686-redhat-linux/4.4.7/../../../../include/c++/4.4.7/bits/char_traits.h:314: error: ‘mbstate_t’ does not name a type
/usr/lib/gcc/i686-redhat-linux/4.4.7/../../../../include/c++/4.4.7/bits/char_traits.h: In static member function ‘static int std::char_traits<wchar_t>::compare(const std::char_traits::char_type*, const std::char_traits::char_type*, size_t)’:
/usr/lib/gcc/i686-redhat-linux/4.4.7/../../../../include/c++/4.4.7/bits/char_traits.h:330: error: ‘wmemcmp’ was not declared in this scope
/usr/lib/gcc/i686-redhat-linux/4.4.7/../../../../include/c++/4.4.7/bits/char_traits.h: In static member function ‘static size_t std::char_traits<wchar_t>::length(const std::char_traits::char_type*)’:
/usr/lib/gcc/i686-redhat-linux/4.4.7/../../../../include/c++/4.4.7/bits/char_traits.h:334: error: ‘wcslen’ was not declared in this scope
/usr/lib/gcc/i686-redhat-linux/4.4.7/../../../../include/c++/4.4.7/bits/char_traits.h: In static member function ‘static const std::char_traits::char_type* std::char_traits<wchar_t>::find(const std::char_traits::char_type*, size_t, const std::char_traits::char_type&)’:
/usr/lib/gcc/i686-redhat-linux/4.4.7/../../../../include/c++/4.4.7/bits/char_traits.h:338: error: invalid conversion from ‘const std::char_traits::char_type*’ to ‘wchar_t*’
/usr/lib/gcc/i686-redhat-linux/4.4.7/../../../../include/c++/4.4.7/bits/char_traits.h:338: error:   initializing argument 1 of ‘wchar_t* std::wmemchr(wchar_t*, wchar_t, size_t)’
/usr/lib/gcc/i686-redhat-linux/4.4.7/../../../../include/c++/4.4.7/bits/char_traits.h: In static member function ‘static std::char_traits::char_type* std::char_traits<wchar_t>::move(std::char_traits::char_type*, const std::char_traits::char_type*, size_t)’:
/usr/lib/gcc/i686-redhat-linux/4.4.7/../../../../include/c++/4.4.7/bits/char_traits.h:342: error: ‘wmemmove’ was not declared in this scope
/usr/lib/gcc/i686-redhat-linux/4.4.7/../../../../include/c++/4.4.7/bits/char_traits.h: In static member function ‘static std::char_traits::char_type* std::char_traits<wchar_t>::copy(std::char_traits::char_type*, const std::char_traits::char_type*, size_t)’:
/usr/lib/gcc/i686-redhat-linux/4.4.7/../../../../include/c++/4.4.7/bits/char_traits.h:346: error: ‘wmemcpy’ was not declared in this scope
/usr/lib/gcc/i686-redhat-linux/4.4.7/../../../../include/c++/4.4.7/bits/char_traits.h: In static member function ‘static std::char_traits::char_type* std::char_traits<wchar_t>::assign(std::char_traits::char_type*, size_t, std::char_traits::char_type)’:
/usr/lib/gcc/i686-redhat-linux/4.4.7/../../../../include/c++/4.4.7/bits/char_traits.h:350: error: ‘wmemset’ was not declared in this scope
In file included from /usr/lib/gcc/i686-redhat-linux/4.4.7/../../../../include/c++/4.4.7/clocale:44,
                 from /usr/lib/gcc/i686-redhat-linux/4.4.7/../../../../include/c++/4.4.7/i686-redhat-linux/bits/c++locale.h:42,
                 from /usr/lib/gcc/i686-redhat-linux/4.4.7/../../../../include/c++/4.4.7/bits/localefwd.h:42,
                 from /usr/lib/gcc/i686-redhat-linux/4.4.7/../../../../include/c++/4.4.7/ios:42,
                 from /usr/lib/gcc/i686-redhat-linux/4.4.7/../../../../include/c++/4.4.7/ostream:40,
                 from /usr/lib/gcc/i686-redhat-linux/4.4.7/../../../../include/c++/4.4.7/iostream:40,
                 from my_json.h:3,
                 from my_json.cpp:1:
/usr/include/locale.h: At global scope:
/usr/include/locale.h:32: error: ‘__BEGIN_DECLS’ does not name a type
/usr/include/locale.h:125: error: expected initializer before ‘__THROW’
/usr/include/locale.h:128: error: expected initializer before ‘__THROW’
/usr/include/locale.h:130: error: ‘__END_NAMESPACE_STD’ does not name a type
In file included from /usr/lib/gcc/i686-redhat-linux/4.4.7/../../../../include/c++/4.4.7/bits/localefwd.h:42,
                 from /usr/lib/gcc/i686-redhat-linux/4.4.7/../../../../include/c++/4.4.7/ios:42,
                 from /usr/lib/gcc/i686-redhat-linux/4.4.7/../../../../include/c++/4.4.7/ostream:40,
                 from /usr/lib/gcc/i686-redhat-linux/4.4.7/../../../../include/c++/4.4.7/iostream:40,
                 from my_json.h:3,
                 from my_json.cpp:1:
/usr/lib/gcc/i686-redhat-linux/4.4.7/../../../../include/c++/4.4.7/i686-redhat-linux/bits/c++locale.h:59: error: ‘__locale_t’ does not name a type
/usr/lib/gcc/i686-redhat-linux/4.4.7/../../../../include/c++/4.4.7/i686-redhat-linux/bits/c++locale.h:66: error: expected ‘,’ or ‘...’ before ‘&’ token
/usr/lib/gcc/i686-redhat-linux/4.4.7/../../../../include/c++/4.4.7/i686-redhat-linux/bits/c++locale.h: In function ‘int std::__convert_from_v(int)’:
/usr/lib/gcc/i686-redhat-linux/4.4.7/../../../../include/c++/4.4.7/i686-redhat-linux/bits/c++locale.h:74: error: ‘setlocale’ is not a member of ‘std’
/usr/lib/gcc/i686-redhat-linux/4.4.7/../../../../include/c++/4.4.7/i686-redhat-linux/bits/c++locale.h:81: error: ‘setlocale’ is not a member of ‘std’
/usr/lib/gcc/i686-redhat-linux/4.4.7/../../../../include/c++/4.4.7/i686-redhat-linux/bits/c++locale.h:86: error: ‘__fmt’ was not declared in this scope
/usr/lib/gcc/i686-redhat-linux/4.4.7/../../../../include/c++/4.4.7/i686-redhat-linux/bits/c++locale.h:89: error: ‘__out’ was not declared in this scope
/usr/lib/gcc/i686-redhat-linux/4.4.7/../../../../include/c++/4.4.7/i686-redhat-linux/bits/c++locale.h:89: error: ‘__size’ was not declared in this scope
/usr/lib/gcc/i686-redhat-linux/4.4.7/../../../../include/c++/4.4.7/i686-redhat-linux/bits/c++locale.h:101: error: ‘setlocale’ is not a member of ‘std’
In file included from /usr/lib/gcc/i686-redhat-linux/4.4.7/../../../../include/c++/4.4.7/cctype:44,
                 from /usr/lib/gcc/i686-redhat-linux/4.4.7/../../../../include/c++/4.4.7/bits/localefwd.h:44,
                 from /usr/lib/gcc/i686-redhat-linux/4.4.7/../../../../include/c++/4.4.7/ios:42,
                 from /usr/lib/gcc/i686-redhat-linux/4.4.7/../../../../include/c++/4.4.7/ostream:40,
                 from /usr/lib/gcc/i686-redhat-linux/4.4.7/../../../../include/c++/4.4.7/iostream:40,
                 from my_json.h:3,
                 from my_json.cpp:1:
/usr/include/ctype.h: At global scope:
/usr/include/ctype.h:48: error: expected constructor, destructor, or type conversion before ‘enum’
/usr/include/ctype.h:82: error: expected initializer before ‘__THROW’
/usr/include/ctype.h:84: error: expected initializer before ‘__THROW’
/usr/include/ctype.h:86: error: expected initializer before ‘__THROW’
/usr/include/ctype.h:102: error: expected constructor, destructor, or type conversion before ‘extern’
/usr/include/ctype.h:103: error: expected initializer before ‘__THROW’
/usr/include/ctype.h:104: error: expected initializer before ‘__THROW’
/usr/include/ctype.h:105: error: expected initializer before ‘__THROW’
/usr/include/ctype.h:106: error: expected initializer before ‘__THROW’
/usr/include/ctype.h:107: error: expected initializer before ‘__THROW’
/usr/include/ctype.h:108: error: expected initializer before ‘__THROW’
/usr/include/ctype.h:109: error: expected initializer before ‘__THROW’
/usr/include/ctype.h:110: error: expected initializer before ‘__THROW’
/usr/include/ctype.h:111: error: expected initializer before ‘__THROW’
/usr/include/ctype.h:112: error: expected initializer before ‘__THROW’
/usr/include/ctype.h:116: error: expected initializer before ‘__THROW’
/usr/include/ctype.h:119: error: expected initializer before ‘__THROW’
/usr/include/ctype.h:121: error: ‘__END_NAMESPACE_STD’ does not name a type
In file included from /usr/lib/gcc/i686-redhat-linux/4.4.7/../../../../include/c++/4.4.7/ios:42,
                 from /usr/lib/gcc/i686-redhat-linux/4.4.7/../../../../include/c++/4.4.7/ostream:40,
                 from /usr/lib/gcc/i686-redhat-linux/4.4.7/../../../../include/c++/4.4.7/iostream:40,
                 from my_json.h:3,
                 from my_json.cpp:1:
/usr/lib/gcc/i686-redhat-linux/4.4.7/../../../../include/c++/4.4.7/bits/localefwd.h:127: error: ‘mbstate_t’ was not declared in this scope
/usr/lib/gcc/i686-redhat-linux/4.4.7/../../../../include/c++/4.4.7/bits/localefwd.h:127: error: template argument 3 is invalid
/usr/lib/gcc/i686-redhat-linux/4.4.7/../../../../include/c++/4.4.7/bits/localefwd.h:129: error: ‘mbstate_t’ was not declared in this scope
/usr/lib/gcc/i686-redhat-linux/4.4.7/../../../../include/c++/4.4.7/bits/localefwd.h:129: error: template argument 3 is invalid
In file included from /usr/include/sched.h:34,
                 from /usr/include/pthread.h:25,
                 from /usr/lib/gcc/i686-redhat-linux/4.4.7/../../../../include/c++/4.4.7/i686-redhat-linux/bits/gthr-default.h:41,
                 from /usr/lib/gcc/i686-redhat-linux/4.4.7/../../../../include/c++/4.4.7/i686-redhat-linux/bits/gthr.h:162,
                 from /usr/lib/gcc/i686-redhat-linux/4.4.7/../../../../include/c++/4.4.7/ext/atomicity.h:34,
                 from /usr/lib/gcc/i686-redhat-linux/4.4.7/../../../../include/c++/4.4.7/bits/ios_base.h:41,
                 from /usr/lib/gcc/i686-redhat-linux/4.4.7/../../../../include/c++/4.4.7/ios:43,
                 from /usr/lib/gcc/i686-redhat-linux/4.4.7/../../../../include/c++/4.4.7/ostream:40,
                 from /usr/lib/gcc/i686-redhat-linux/4.4.7/../../../../include/c++/4.4.7/iostream:40,
                 from my_json.h:3,
                 from my_json.cpp:1:
/usr/include/time.h:76: error: expected constructor, destructor, or type conversion before ‘typedef’
/usr/include/time.h:120: error: expected constructor, destructor, or type conversion before ‘struct’
In file included from /usr/include/sched.h:43,
                 from /usr/include/pthread.h:25,
                 from /usr/lib/gcc/i686-redhat-linux/4.4.7/../../../../include/c++/4.4.7/i686-redhat-linux/bits/gthr-default.h:41,
                 from /usr/lib/gcc/i686-redhat-linux/4.4.7/../../../../include/c++/4.4.7/i686-redhat-linux/bits/gthr.h:162,
                 from /usr/lib/gcc/i686-redhat-linux/4.4.7/../../../../include/c++/4.4.7/ext/atomicity.h:34,
                 from /usr/lib/gcc/i686-redhat-linux/4.4.7/../../../../include/c++/4.4.7/bits/ios_base.h:41,
                 from /usr/lib/gcc/i686-redhat-linux/4.4.7/../../../../include/c++/4.4.7/ios:43,
                 from /usr/lib/gcc/i686-redhat-linux/4.4.7/../../../../include/c++/4.4.7/ostream:40,
                 from /usr/lib/gcc/i686-redhat-linux/4.4.7/../../../../include/c++/4.4.7/iostream:40,
                 from my_json.h:3,
                 from my_json.cpp:1:
/usr/include/bits/sched.h:79: error: ‘__BEGIN_DECLS’ does not name a type
/usr/include/bits/sched.h:201: error: expected constructor, destructor, or type conversion before ‘extern’
/usr/include/bits/sched.h:203: error: expected initializer before ‘__THROW’
/usr/include/bits/sched.h:204: error: expected initializer before ‘__THROW’
/usr/include/bits/sched.h:206: error: ‘__END_DECLS’ does not name a type
In file included from /usr/include/pthread.h:25,
                 from /usr/lib/gcc/i686-redhat-linux/4.4.7/../../../../include/c++/4.4.7/i686-redhat-linux/bits/gthr-default.h:41,
                 from /usr/lib/gcc/i686-redhat-linux/4.4.7/../../../../include/c++/4.4.7/i686-redhat-linux/bits/gthr.h:162,
                 from /usr/lib/gcc/i686-redhat-linux/4.4.7/../../../../include/c++/4.4.7/ext/atomicity.h:34,
                 from /usr/lib/gcc/i686-redhat-linux/4.4.7/../../../../include/c++/4.4.7/bits/ios_base.h:41,
                 from /usr/lib/gcc/i686-redhat-linux/4.4.7/../../../../include/c++/4.4.7/ios:43,
                 from /usr/lib/gcc/i686-redhat-linux/4.4.7/../../../../include/c++/4.4.7/ostream:40,
                 from /usr/lib/gcc/i686-redhat-linux/4.4.7/../../../../include/c++/4.4.7/iostream:40,
                 from my_json.h:3,
                 from my_json.cpp:1:
/usr/include/sched.h:55: error: expected initializer before ‘__THROW’
/usr/include/sched.h:59: error: expected initializer before ‘__THROW’
/usr/include/sched.h:62: error: expected initializer before ‘__THROW’
/usr/include/sched.h:65: error: expected initializer before ‘__THROW’
/usr/include/sched.h:68: error: expected initializer before ‘__THROW’
/usr/include/sched.h:71: error: expected initializer before ‘__THROW’
/usr/include/sched.h:74: error: expected initializer before ‘__THROW’
/usr/include/sched.h:126: error: ‘__END_DECLS’ does not name a type
In file included from /usr/include/pthread.h:26,
                 from /usr/lib/gcc/i686-redhat-linux/4.4.7/../../../../include/c++/4.4.7/i686-redhat-linux/bits/gthr-default.h:41,
                 from /usr/lib/gcc/i686-redhat-linux/4.4.7/../../../../include/c++/4.4.7/i686-redhat-linux/bits/gthr.h:162,
                 from /usr/lib/gcc/i686-redhat-linux/4.4.7/../../../../include/c++/4.4.7/ext/atomicity.h:34,
                 from /usr/lib/gcc/i686-redhat-linux/4.4.7/../../../../include/c++/4.4.7/bits/ios_base.h:41,
                 from /usr/lib/gcc/i686-redhat-linux/4.4.7/../../../../include/c++/4.4.7/ios:43,
                 from /usr/lib/gcc/i686-redhat-linux/4.4.7/../../../../include/c++/4.4.7/ostream:40,
                 from /usr/lib/gcc/i686-redhat-linux/4.4.7/../../../../include/c++/4.4.7/iostream:40,
                 from my_json.h:3,
                 from my_json.cpp:1:
/usr/include/time.h:60: error: expected constructor, destructor, or type conversion before ‘typedef’
/usr/include/time.h:61: error: ‘__END_NAMESPACE_STD’ does not name a type
/usr/include/time.h:153: error: ‘__END_NAMESPACE_STD’ does not name a type
/usr/include/time.h:186: error: ‘time_t’ does not name a type
/usr/include/time.h:189: error: ‘time_t’ was not declared in this scope
/usr/include/time.h:189: error: ‘time_t’ was not declared in this scope
/usr/include/time.h:189: error: initializer expression list treated as compound expression
/usr/include/time.h:190: error: expected ‘,’ or ‘;’ before ‘__THROW’
/usr/include/time.h:193: error: ‘time_t’ does not name a type
/usr/include/time.h:201: error: expected initializer before ‘__THROW’
/usr/include/time.h:202: error: ‘__END_NAMESPACE_STD’ does not name a type
/usr/include/time.h:237: error: expected ‘,’ or ‘...’ before ‘*’ token
/usr/include/time.h:237: error: expected initializer before ‘__THROW’
/usr/include/time.h:238: error: ‘__END_NAMESPACE_STD’ does not name a type
/usr/include/time.h:258: error: expected ‘,’ or ‘...’ before ‘*’ token
/usr/include/time.h:258: error: expected initializer before ‘__THROW’
/usr/include/time.h:276: error: expected constructor, destructor, or type conversion before ‘extern’
In file included from /usr/include/pthread.h:28,
                 from /usr/lib/gcc/i686-redhat-linux/4.4.7/../../../../include/c++/4.4.7/i686-redhat-linux/bits/gthr-default.h:41,
                 from /usr/lib/gcc/i686-redhat-linux/4.4.7/../../../../include/c++/4.4.7/i686-redhat-linux/bits/gthr.h:162,
                 from /usr/lib/gcc/i686-redhat-linux/4.4.7/../../../../include/c++/4.4.7/ext/atomicity.h:34,
                 from /usr/lib/gcc/i686-redhat-linux/4.4.7/../../../../include/c++/4.4.7/bits/ios_base.h:41,
                 from /usr/lib/gcc/i686-redhat-linux/4.4.7/../../../../include/c++/4.4.7/ios:43,
                 from /usr/lib/gcc/i686-redhat-linux/4.4.7/../../../../include/c++/4.4.7/ostream:40,
                 from /usr/lib/gcc/i686-redhat-linux/4.4.7/../../../../include/c++/4.4.7/iostream:40,
                 from my_json.h:3,
                 from my_json.cpp:1:
/usr/include/bits/pthreadtypes.h:36: error: expected constructor, destructor, or type conversion before ‘typedef’
In file included from /usr/lib/gcc/i686-redhat-linux/4.4.7/../../../../include/c++/4.4.7/i686-redhat-linux/bits/gthr-default.h:41,
                 from /usr/lib/gcc/i686-redhat-linux/4.4.7/../../../../include/c++/4.4.7/i686-redhat-linux/bits/gthr.h:162,
                 from /usr/lib/gcc/i686-redhat-linux/4.4.7/../../../../include/c++/4.4.7/ext/atomicity.h:34,
                 from /usr/lib/gcc/i686-redhat-linux/4.4.7/../../../../include/c++/4.4.7/bits/ios_base.h:41,
                 from /usr/lib/gcc/i686-redhat-linux/4.4.7/../../../../include/c++/4.4.7/ios:43,
                 from /usr/lib/gcc/i686-redhat-linux/4.4.7/../../../../include/c++/4.4.7/ostream:40,
                 from /usr/lib/gcc/i686-redhat-linux/4.4.7/../../../../include/c++/4.4.7/iostream:40,
                 from my_json.h:3,
                 from my_json.cpp:1:
/usr/include/pthread.h:225: error: expected constructor, destructor, or type conversion before ‘extern’
/usr/include/pthread.h:242: error: ‘pthread_t’ was not declared in this scope
/usr/include/pthread.h:242: error: expected primary-expression before ‘void’
/usr/include/pthread.h:242: error: initializer expression list treated as compound expression
/usr/include/pthread.h:263: error: ‘pthread_t’ was not declared in this scope
/usr/include/pthread.h:263: error: expected ‘,’ or ‘;’ before ‘__THROW’
/usr/include/pthread.h:267: error: ‘pthread_t’ does not name a type
/usr/include/pthread.h:270: error: ‘pthread_t’ was not declared in this scope
/usr/include/pthread.h:270: error: ‘pthread_t’ was not declared in this scope
/usr/include/pthread.h:270: error: initializer expression list treated as compound expression
/usr/include/pthread.h:270: error: expected ‘,’ or ‘;’ before ‘__THROW’
/usr/include/pthread.h:278: error: expected initializer before ‘__THROW’
/usr/include/pthread.h:282: error: expected initializer before ‘__THROW’
/usr/include/pthread.h:287: error: expected initializer before ‘__THROW’
/usr/include/pthread.h:292: error: expected initializer before ‘__THROW’
/usr/include/pthread.h:298: error: expected initializer before ‘__THROW’
/usr/include/pthread.h:303: error: expected initializer before ‘__THROW’
/usr/include/pthread.h:310: error: expected initializer before ‘__THROW’
/usr/include/pthread.h:315: error: expected initializer before ‘__THROW’
/usr/include/pthread.h:320: error: expected initializer before ‘__THROW’
/usr/include/pthread.h:324: error: expected initializer before ‘__THROW’
/usr/include/pthread.h:329: error: expected initializer before ‘__THROW’
/usr/include/pthread.h:334: error: expected initializer before ‘__THROW’
/usr/include/pthread.h:340: error: expected initializer before ‘__THROW’
/usr/include/pthread.h:344: error: expected initializer before ‘__THROW’
/usr/include/pthread.h:349: error: expected initializer before ‘__THROW’
/usr/include/pthread.h:357: error: expected initializer before ‘__THROW’
/usr/include/pthread.h:362: error: expected initializer before ‘__THROW’
/usr/include/pthread.h:369: error: expected initializer before ‘__THROW’
/usr/include/pthread.h:413: error: ‘pthread_t’ was not declared in this scope
/usr/include/pthread.h:413: error: expected primary-expression before ‘int’
/usr/include/pthread.h:414: error: expected primary-expression before ‘const’
/usr/include/pthread.h:414: error: initializer expression list treated as compound expression
/usr/include/pthread.h:415: error: expected ‘,’ or ‘;’ before ‘__THROW’
/usr/include/pthread.h:418: error: ‘pthread_t’ was not declared in this scope
/usr/include/pthread.h:419: error: expected primary-expression before ‘int’
/usr/include/pthread.h:420: error: expected primary-expression before ‘struct’
/usr/include/pthread.h:420: error: initializer expression list treated as compound expression
/usr/include/pthread.h:421: error: expected ‘,’ or ‘;’ before ‘__THROW’
/usr/include/pthread.h:424: error: ‘pthread_t’ was not declared in this scope
/usr/include/pthread.h:424: error: expected primary-expression before ‘int’
/usr/include/pthread.h:424: error: initializer expression list treated as compound expression
/usr/include/pthread.h:425: error: expected ‘,’ or ‘;’ before ‘__THROW’
/usr/include/pthread.h:479: error: expected initializer before ‘__nonnull’
/usr/include/pthread.h:497: error: ‘pthread_t’ was not declared in this scope
/usr/include/pthread.h:727: error: expected initializer before ‘__THROW’
/usr/include/pthread.h:735: error: expected initializer before ‘__THROW’
/usr/include/pthread.h:739: error: expected initializer before ‘__THROW’
/usr/include/pthread.h:743: error: expected initializer before ‘__THROW’
/usr/include/pthread.h:747: error: expected initializer before ‘__THROW’
/usr/include/pthread.h:758: error: expected initializer before ‘__THROW’
/usr/include/pthread.h:765: error: expected initializer before ‘__THROW’
/usr/include/pthread.h:772: error: expected initializer before ‘__THROW’
/usr/include/pthread.h:791: error: expected initializer before ‘__THROW’
/usr/include/pthread.h:795: error: expected initializer before ‘__THROW’
/usr/include/pthread.h:801: error: expected initializer before ‘__THROW’
/usr/include/pthread.h:806: error: expected initializer before ‘__THROW’
/usr/include/pthread.h:825: error: expected initializer before ‘__THROW’
/usr/include/pthread.h:831: error: expected initializer before ‘__THROW’
/usr/include/pthread.h:837: error: expected initializer before ‘__THROW’
/usr/include/pthread.h:842: error: expected initializer before ‘__THROW’
/usr/include/pthread.h:954: error: expected initializer before ‘__THROW’
/usr/include/pthread.h:958: error: expected initializer before ‘__THROW’
/usr/include/pthread.h:962: error: expected initializer before ‘__THROW’
/usr/include/pthread.h:966: error: expected initializer before ‘__THROW’
/usr/include/pthread.h:975: error: expected initializer before ‘__nonnull’
/usr/include/pthread.h:987: error: expected initializer before ‘__nonnull’
/usr/include/pthread.h:993: error: expected initializer before ‘__THROW’
/usr/include/pthread.h:997: error: expected initializer before ‘__THROW’
/usr/include/pthread.h:1003: error: expected initializer before ‘__THROW’
/usr/include/pthread.h:1007: error: expected initializer before ‘__THROW’
/usr/include/pthread.h:1097: error: expected initializer before ‘__THROW’
/usr/include/pthread.h:1100: error: expected initializer before ‘__THROW’
/usr/include/pthread.h:1103: error: expected initializer before ‘__THROW’
/usr/include/pthread.h:1107: error: expected initializer before ‘__THROW’
/usr/include/pthread.h:1131: error: expected initializer before ‘__THROW’
/usr/include/pthread.h:1143: error: ‘__END_DECLS’ does not name a type
In file included from /usr/lib/gcc/i686-redhat-linux/4.4.7/../../../../include/c++/4.4.7/i686-redhat-linux/bits/gthr-default.h:42,
                 from /usr/lib/gcc/i686-redhat-linux/4.4.7/../../../../include/c++/4.4.7/i686-redhat-linux/bits/gthr.h:162,
                 from /usr/lib/gcc/i686-redhat-linux/4.4.7/../../../../include/c++/4.4.7/ext/atomicity.h:34,
                 from /usr/lib/gcc/i686-redhat-linux/4.4.7/../../../../include/c++/4.4.7/bits/ios_base.h:41,
                 from /usr/lib/gcc/i686-redhat-linux/4.4.7/../../../../include/c++/4.4.7/ios:43,
                 from /usr/lib/gcc/i686-redhat-linux/4.4.7/../../../../include/c++/4.4.7/ostream:40,
                 from /usr/lib/gcc/i686-redhat-linux/4.4.7/../../../../include/c++/4.4.7/iostream:40,
                 from my_json.h:3,
                 from my_json.cpp:1:
/usr/include/unistd.h:288: error: expected initializer before ‘__THROW’
/usr/include/unistd.h:331: error: expected initializer before ‘__THROW’
/usr/include/unistd.h:357: error: ‘ssize_t’ does not name a type
/usr/include/unistd.h:363: error: ‘ssize_t’ does not name a type
/usr/include/unistd.h:414: error: expected initializer before ‘__THROW’
/usr/include/unistd.h:429: error: expected initializer before ‘__THROW’
/usr/include/unistd.h:471: error: expected initializer before ‘__THROW’
/usr/include/unistd.h:494: error: expected initializer before ‘__THROW’
/usr/include/unistd.h:508: error: expected initializer before ‘__THROW’
/usr/include/unistd.h:528: error: expected initializer before ‘__THROW’
/usr/include/unistd.h:531: error: expected initializer before ‘__THROW’
/usr/include/unistd.h:549: error: expected initializer before ‘__THROW’
/usr/include/unistd.h:561: error: expected initializer before ‘__THROW’
/usr/include/unistd.h:566: error: expected initializer before ‘__THROW’
/usr/include/unistd.h:571: error: expected initializer before ‘__THROW’
/usr/include/unistd.h:576: error: expected initializer before ‘__THROW’
/usr/include/unistd.h:582: error: expected initializer before ‘__THROW’
In file included from /usr/lib/gcc/i686-redhat-linux/4.4.7/../../../../include/c++/4.4.7/i686-redhat-linux/bits/gthr-default.h:42,
                 from /usr/lib/gcc/i686-redhat-linux/4.4.7/../../../../include/c++/4.4.7/i686-redhat-linux/bits/gthr.h:162,
                 from /usr/lib/gcc/i686-redhat-linux/4.4.7/../../../../include/c++/4.4.7/ext/atomicity.h:34,
                 from /usr/lib/gcc/i686-redhat-linux/4.4.7/../../../../include/c++/4.4.7/bits/ios_base.h:41,
                 from /usr/lib/gcc/i686-redhat-linux/4.4.7/../../../../include/c++/4.4.7/ios:43,
                 from /usr/lib/gcc/i686-redhat-linux/4.4.7/../../../../include/c++/4.4.7/ostream:40,
                 from /usr/lib/gcc/i686-redhat-linux/4.4.7/../../../../include/c++/4.4.7/iostream:40,
                 from my_json.h:3,
                 from my_json.cpp:1:
/usr/include/unistd.h:610: error: expected initializer before ‘__THROW’
/usr/include/unistd.h:613: error: expected initializer before ‘__THROW’
/usr/include/unistd.h:616: error: expected initializer before ‘__THROW’
/usr/include/unistd.h:625: error: expected initializer before ‘__THROW’
/usr/include/unistd.h:628: error: expected initializer before ‘__THROW’
/usr/include/unistd.h:633: error: expected initializer before ‘__THROW’
/usr/include/unistd.h:643: error: expected initializer before ‘__THROW’
/usr/include/unistd.h:652: error: expected initializer before ‘__THROW’
/usr/include/unistd.h:686: error: expected initializer before ‘__THROW’
/usr/include/unistd.h:694: error: expected initializer before ‘__THROW’
/usr/include/unistd.h:697: error: expected initializer before ‘__THROW’
/usr/include/unistd.h:700: error: expected initializer before ‘__THROW’
/usr/include/unistd.h:703: error: expected initializer before ‘__THROW’
/usr/include/unistd.h:708: error: expected initializer before ‘__THROW’
/usr/include/unistd.h:719: error: expected initializer before ‘__THROW’
/usr/include/unistd.h:736: error: expected initializer before ‘__THROW’
/usr/include/unistd.h:775: error: expected initializer before ‘__THROW’
/usr/include/unistd.h:789: error: expected initializer before ‘__THROW’
/usr/include/unistd.h:794: error: expected initializer before ‘__THROW’
/usr/include/unistd.h:798: error: expected initializer before ‘__THROW’
/usr/include/unistd.h:810: error: expected initializer before ‘__THROW’
/usr/include/unistd.h:845: error: expected initializer before ‘__THROW’
/usr/include/unistd.h:854: error: expected initializer before ‘__THROW’
/usr/include/unistd.h:858: error: expected initializer before ‘__THROW’
/usr/include/unistd.h:861: error: expected initializer before ‘__THROW’
In file included from /usr/lib/gcc/i686-redhat-linux/4.4.7/../../../../include/c++/4.4.7/i686-redhat-linux/bits/gthr.h:162,
                 from /usr/lib/gcc/i686-redhat-linux/4.4.7/../../../../include/c++/4.4.7/ext/atomicity.h:34,
                 from /usr/lib/gcc/i686-redhat-linux/4.4.7/../../../../include/c++/4.4.7/bits/ios_base.h:41,
                 from /usr/lib/gcc/i686-redhat-linux/4.4.7/../../../../include/c++/4.4.7/ios:43,
                 from /usr/lib/gcc/i686-redhat-linux/4.4.7/../../../../include/c++/4.4.7/ostream:40,
                 from /usr/lib/gcc/i686-redhat-linux/4.4.7/../../../../include/c++/4.4.7/iostream:40,
                 from my_json.h:3,
                 from my_json.cpp:1:
/usr/lib/gcc/i686-redhat-linux/4.4.7/../../../../include/c++/4.4.7/i686-redhat-linux/bits/gthr-default.h:44: error: expected constructor, destructor, or type conversion before ‘typedef’
/usr/lib/gcc/i686-redhat-linux/4.4.7/../../../../include/c++/4.4.7/i686-redhat-linux/bits/gthr-default.h:118: error: ‘pthread_once’ was not declared in this scope
/usr/lib/gcc/i686-redhat-linux/4.4.7/../../../../include/c++/4.4.7/i686-redhat-linux/bits/gthr-default.h:118: error: invalid type in declaration before ‘;’ token
/usr/lib/gcc/i686-redhat-linux/4.4.7/../../../../include/c++/4.4.7/i686-redhat-linux/bits/gthr-default.h:119: error: ‘pthread_getspecific’ was not declared in this scope
/usr/lib/gcc/i686-redhat-linux/4.4.7/../../../../include/c++/4.4.7/i686-redhat-linux/bits/gthr-default.h:119: error: invalid type in declaration before ‘;’ token
/usr/lib/gcc/i686-redhat-linux/4.4.7/../../../../include/c++/4.4.7/i686-redhat-linux/bits/gthr-default.h:120: error: ‘pthread_setspecific’ was not declared in this scope
/usr/lib/gcc/i686-redhat-linux/4.4.7/../../../../include/c++/4.4.7/i686-redhat-linux/bits/gthr-default.h:120: error: invalid type in declaration before ‘;’ token
/usr/lib/gcc/i686-redhat-linux/4.4.7/../../../../include/c++/4.4.7/i686-redhat-linux/bits/gthr-default.h:122: error: ‘pthread_create’ was not declared in this scope
/usr/lib/gcc/i686-redhat-linux/4.4.7/../../../../include/c++/4.4.7/i686-redhat-linux/bits/gthr-default.h:122: error: invalid type in declaration before ‘;’ token
/usr/lib/gcc/i686-redhat-linux/4.4.7/../../../../include/c++/4.4.7/i686-redhat-linux/bits/gthr-default.h:125: error: ‘pthread_self’ was not declared in this scope
/usr/lib/gcc/i686-redhat-linux/4.4.7/../../../../include/c++/4.4.7/i686-redhat-linux/bits/gthr-default.h:125: error: invalid type in declaration before ‘;’ token
/usr/lib/gcc/i686-redhat-linux/4.4.7/../../../../include/c++/4.4.7/i686-redhat-linux/bits/gthr-default.h:128: error: ‘sched_yield’ was not declared in this scope
/usr/lib/gcc/i686-redhat-linux/4.4.7/../../../../include/c++/4.4.7/i686-redhat-linux/bits/gthr-default.h:128: error: invalid type in declaration before ‘;’ token
/usr/lib/gcc/i686-redhat-linux/4.4.7/../../../../include/c++/4.4.7/i686-redhat-linux/bits/gthr-default.h:130: error: ‘pthread_mutex_lock’ was not declared in this scope
/usr/lib/gcc/i686-redhat-linux/4.4.7/../../../../include/c++/4.4.7/i686-redhat-linux/bits/gthr-default.h:130: error: invalid type in declaration before ‘;’ token
/usr/lib/gcc/i686-redhat-linux/4.4.7/../../../../include/c++/4.4.7/i686-redhat-linux/bits/gthr-default.h:131: error: ‘pthread_mutex_trylock’ was not declared in this scope
/usr/lib/gcc/i686-redhat-linux/4.4.7/../../../../include/c++/4.4.7/i686-redhat-linux/bits/gthr-default.h:131: error: invalid type in declaration before ‘;’ token
/usr/lib/gcc/i686-redhat-linux/4.4.7/../../../../include/c++/4.4.7/i686-redhat-linux/bits/gthr-default.h:134: error: ‘pthread_mutex_timedlock’ was not declared in this scope
/usr/lib/gcc/i686-redhat-linux/4.4.7/../../../../include/c++/4.4.7/i686-redhat-linux/bits/gthr-default.h:134: error: invalid type in declaration before ‘;’ token
/usr/lib/gcc/i686-redhat-linux/4.4.7/../../../../include/c++/4.4.7/i686-redhat-linux/bits/gthr-default.h:137: error: ‘pthread_mutex_unlock’ was not declared in this scope
/usr/lib/gcc/i686-redhat-linux/4.4.7/../../../../include/c++/4.4.7/i686-redhat-linux/bits/gthr-default.h:137: error: invalid type in declaration before ‘;’ token
/usr/lib/gcc/i686-redhat-linux/4.4.7/../../../../include/c++/4.4.7/i686-redhat-linux/bits/gthr-default.h:138: error: ‘pthread_mutex_init’ was not declared in this scope
/usr/lib/gcc/i686-redhat-linux/4.4.7/../../../../include/c++/4.4.7/i686-redhat-linux/bits/gthr-default.h:138: error: invalid type in declaration before ‘;’ token
/usr/lib/gcc/i686-redhat-linux/4.4.7/../../../../include/c++/4.4.7/i686-redhat-linux/bits/gthr-default.h:139: error: ‘pthread_mutex_destroy’ was not declared in this scope
/usr/lib/gcc/i686-redhat-linux/4.4.7/../../../../include/c++/4.4.7/i686-redhat-linux/bits/gthr-default.h:139: error: invalid type in declaration before ‘;’ token
/usr/lib/gcc/i686-redhat-linux/4.4.7/../../../../include/c++/4.4.7/i686-redhat-linux/bits/gthr-default.h:141: error: ‘pthread_cond_broadcast’ was not declared in this scope
/usr/lib/gcc/i686-redhat-linux/4.4.7/../../../../include/c++/4.4.7/i686-redhat-linux/bits/gthr-default.h:141: error: invalid type in declaration before ‘;’ token
/usr/lib/gcc/i686-redhat-linux/4.4.7/../../../../include/c++/4.4.7/i686-redhat-linux/bits/gthr-default.h:142: error: ‘pthread_cond_signal’ was not declared in this scope
/usr/lib/gcc/i686-redhat-linux/4.4.7/../../../../include/c++/4.4.7/i686-redhat-linux/bits/gthr-default.h:142: error: invalid type in declaration before ‘;’ token
/usr/lib/gcc/i686-redhat-linux/4.4.7/../../../../include/c++/4.4.7/i686-redhat-linux/bits/gthr-default.h:143: error: ‘pthread_cond_wait’ was not declared in this scope
/usr/lib/gcc/i686-redhat-linux/4.4.7/../../../../include/c++/4.4.7/i686-redhat-linux/bits/gthr-default.h:143: error: invalid type in declaration before ‘;’ token
/usr/lib/gcc/i686-redhat-linux/4.4.7/../../../../include/c++/4.4.7/i686-redhat-linux/bits/gthr-default.h:144: error: ‘pthread_cond_timedwait’ was not declared in this scope
/usr/lib/gcc/i686-redhat-linux/4.4.7/../../../../include/c++/4.4.7/i686-redhat-linux/bits/gthr-default.h:144: error: invalid type in declaration before ‘;’ token
/usr/lib/gcc/i686-redhat-linux/4.4.7/../../../../include/c++/4.4.7/i686-redhat-linux/bits/gthr-default.h:145: error: ‘pthread_cond_destroy’ was not declared in this scope
/usr/lib/gcc/i686-redhat-linux/4.4.7/../../../../include/c++/4.4.7/i686-redhat-linux/bits/gthr-default.h:145: error: invalid type in declaration before ‘;’ token
/usr/lib/gcc/i686-redhat-linux/4.4.7/../../../../include/c++/4.4.7/i686-redhat-linux/bits/gthr-default.h:148: error: ‘pthread_key_create’ was not declared in this scope
/usr/lib/gcc/i686-redhat-linux/4.4.7/../../../../include/c++/4.4.7/i686-redhat-linux/bits/gthr-default.h:148: error: invalid type in declaration before ‘;’ token
/usr/lib/gcc/i686-redhat-linux/4.4.7/../../../../include/c++/4.4.7/i686-redhat-linux/bits/gthr-default.h:149: error: ‘pthread_key_delete’ was not declared in this scope
/usr/lib/gcc/i686-redhat-linux/4.4.7/../../../../include/c++/4.4.7/i686-redhat-linux/bits/gthr-default.h:149: error: invalid type in declaration before ‘;’ token
/usr/lib/gcc/i686-redhat-linux/4.4.7/../../../../include/c++/4.4.7/i686-redhat-linux/bits/gthr-default.h:150: error: ‘pthread_mutexattr_init’ was not declared in this scope
/usr/lib/gcc/i686-redhat-linux/4.4.7/../../../../include/c++/4.4.7/i686-redhat-linux/bits/gthr-default.h:150: error: invalid type in declaration before ‘;’ token
/usr/lib/gcc/i686-redhat-linux/4.4.7/../../../../include/c++/4.4.7/i686-redhat-linux/bits/gthr-default.h:151: error: ‘pthread_mutexattr_settype’ was not declared in this scope
/usr/lib/gcc/i686-redhat-linux/4.4.7/../../../../include/c++/4.4.7/i686-redhat-linux/bits/gthr-default.h:151: error: invalid type in declaration before ‘;’ token
/usr/lib/gcc/i686-redhat-linux/4.4.7/../../../../include/c++/4.4.7/i686-redhat-linux/bits/gthr-default.h:152: error: ‘pthread_mutexattr_destroy’ was not declared in this scope
/usr/lib/gcc/i686-redhat-linux/4.4.7/../../../../include/c++/4.4.7/i686-redhat-linux/bits/gthr-default.h:152: error: invalid type in declaration before ‘;’ token
/usr/lib/gcc/i686-redhat-linux/4.4.7/../../../../include/c++/4.4.7/i686-redhat-linux/bits/gthr-default.h:649: error: ‘__gthread_create’ declared as an ‘inline’ variable
/usr/lib/gcc/i686-redhat-linux/4.4.7/../../../../include/c++/4.4.7/i686-redhat-linux/bits/gthr-default.h:649: error: ‘__gthread_t’ was not declared in this scope
/usr/lib/gcc/i686-redhat-linux/4.4.7/../../../../include/c++/4.4.7/i686-redhat-linux/bits/gthr-default.h:649: error: ‘__threadid’ was not declared in this scope
/usr/lib/gcc/i686-redhat-linux/4.4.7/../../../../include/c++/4.4.7/i686-redhat-linux/bits/gthr-default.h:649: error: expected primary-expression before ‘void’
/usr/lib/gcc/i686-redhat-linux/4.4.7/../../../../include/c++/4.4.7/i686-redhat-linux/bits/gthr-default.h:650: error: expected primary-expression before ‘void’
/usr/lib/gcc/i686-redhat-linux/4.4.7/../../../../include/c++/4.4.7/i686-redhat-linux/bits/gthr-default.h:650: error: initializer expression list treated as compound expression
/usr/lib/gcc/i686-redhat-linux/4.4.7/../../../../include/c++/4.4.7/i686-redhat-linux/bits/gthr-default.h:651: error: expected ‘,’ or ‘;’ before ‘{’ token
/usr/lib/gcc/i686-redhat-linux/4.4.7/../../../../include/c++/4.4.7/i686-redhat-linux/bits/gthr-default.h:656: error: ‘__gthread_join’ declared as an ‘inline’ variable
/usr/lib/gcc/i686-redhat-linux/4.4.7/../../../../include/c++/4.4.7/i686-redhat-linux/bits/gthr-default.h:656: error: ‘__gthread_t’ was not declared in this scope
/usr/lib/gcc/i686-redhat-linux/4.4.7/../../../../include/c++/4.4.7/i686-redhat-linux/bits/gthr-default.h:656: error: expected primary-expression before ‘void’
/usr/lib/gcc/i686-redhat-linux/4.4.7/../../../../include/c++/4.4.7/i686-redhat-linux/bits/gthr-default.h:656: error: initializer expression list treated as compound expression
/usr/lib/gcc/i686-redhat-linux/4.4.7/../../../../include/c++/4.4.7/i686-redhat-linux/bits/gthr-default.h:657: error: expected ‘,’ or ‘;’ before ‘{’ token
/usr/lib/gcc/i686-redhat-linux/4.4.7/../../../../include/c++/4.4.7/i686-redhat-linux/bits/gthr-default.h:662: error: ‘__gthread_detach’ declared as an ‘inline’ variable
/usr/lib/gcc/i686-redhat-linux/4.4.7/../../../../include/c++/4.4.7/i686-redhat-linux/bits/gthr-default.h:662: error: ‘__gthread_t’ was not declared in this scope
/usr/lib/gcc/i686-redhat-linux/4.4.7/../../../../include/c++/4.4.7/i686-redhat-linux/bits/gthr-default.h:663: error: expected ‘,’ or ‘;’ before ‘{’ token
/usr/lib/gcc/i686-redhat-linux/4.4.7/../../../../include/c++/4.4.7/i686-redhat-linux/bits/gthr-default.h:668: error: ‘__gthread_equal’ declared as an ‘inline’ variable
/usr/lib/gcc/i686-redhat-linux/4.4.7/../../../../include/c++/4.4.7/i686-redhat-linux/bits/gthr-default.h:668: error: ‘__gthread_t’ was not declared in this scope
/usr/lib/gcc/i686-redhat-linux/4.4.7/../../../../include/c++/4.4.7/i686-redhat-linux/bits/gthr-default.h:668: error: ‘__gthread_t’ was not declared in this scope
/usr/lib/gcc/i686-redhat-linux/4.4.7/../../../../include/c++/4.4.7/i686-redhat-linux/bits/gthr-default.h:668: error: initializer expression list treated as compound expression
/usr/lib/gcc/i686-redhat-linux/4.4.7/../../../../include/c++/4.4.7/i686-redhat-linux/bits/gthr-default.h:669: error: expected ‘,’ or ‘;’ before ‘{’ token
/usr/lib/gcc/i686-redhat-linux/4.4.7/../../../../include/c++/4.4.7/i686-redhat-linux/bits/gthr-default.h:673: error: ‘__gthread_t’ does not name a type
/usr/lib/gcc/i686-redhat-linux/4.4.7/../../../../include/c++/4.4.7/i686-redhat-linux/bits/gthr-default.h: In function ‘int __gthread_yield()’:
/usr/lib/gcc/i686-redhat-linux/4.4.7/../../../../include/c++/4.4.7/i686-redhat-linux/bits/gthr-default.h:682: error: ‘__gthrw_sched_yield’ cannot be used as a function
/usr/lib/gcc/i686-redhat-linux/4.4.7/../../../../include/c++/4.4.7/i686-redhat-linux/bits/gthr-default.h: In function ‘int __gthread_once(__gthread_once_t*, void (*)())’:
/usr/lib/gcc/i686-redhat-linux/4.4.7/../../../../include/c++/4.4.7/i686-redhat-linux/bits/gthr-default.h:689: error: ‘__gthrw_pthread_once’ cannot be used as a function
/usr/lib/gcc/i686-redhat-linux/4.4.7/../../../../include/c++/4.4.7/i686-redhat-linux/bits/gthr-default.h: In function ‘int __gthread_key_create(__gthread_key_t*, void (*)(void*))’:
/usr/lib/gcc/i686-redhat-linux/4.4.7/../../../../include/c++/4.4.7/i686-redhat-linux/bits/gthr-default.h:697: error: ‘__gthrw_pthread_key_create’ cannot be used as a function
/usr/lib/gcc/i686-redhat-linux/4.4.7/../../../../include/c++/4.4.7/i686-redhat-linux/bits/gthr-default.h: In function ‘int __gthread_key_delete(__gthread_key_t)’:
/usr/lib/gcc/i686-redhat-linux/4.4.7/../../../../include/c++/4.4.7/i686-redhat-linux/bits/gthr-default.h:703: error: ‘__gthrw_pthread_key_delete’ cannot be used as a function
/usr/lib/gcc/i686-redhat-linux/4.4.7/../../../../include/c++/4.4.7/i686-redhat-linux/bits/gthr-default.h: In function ‘void* __gthread_getspecific(__gthread_key_t)’:
/usr/lib/gcc/i686-redhat-linux/4.4.7/../../../../include/c++/4.4.7/i686-redhat-linux/bits/gthr-default.h:709: error: ‘__gthrw_pthread_getspecific’ cannot be used as a function
/usr/lib/gcc/i686-redhat-linux/4.4.7/../../../../include/c++/4.4.7/i686-redhat-linux/bits/gthr-default.h: In function ‘int __gthread_setspecific(__gthread_key_t, const void*)’:
/usr/lib/gcc/i686-redhat-linux/4.4.7/../../../../include/c++/4.4.7/i686-redhat-linux/bits/gthr-default.h:715: error: ‘__gthrw_pthread_setspecific’ cannot be used as a function
/usr/lib/gcc/i686-redhat-linux/4.4.7/../../../../include/c++/4.4.7/i686-redhat-linux/bits/gthr-default.h: In function ‘int __gthread_mutex_destroy(__gthread_mutex_t*)’:
/usr/lib/gcc/i686-redhat-linux/4.4.7/../../../../include/c++/4.4.7/i686-redhat-linux/bits/gthr-default.h:722: error: ‘__gthrw_pthread_mutex_destroy’ cannot be used as a function
/usr/lib/gcc/i686-redhat-linux/4.4.7/../../../../include/c++/4.4.7/i686-redhat-linux/bits/gthr-default.h: In function ‘int __gthread_mutex_lock(__gthread_mutex_t*)’:
/usr/lib/gcc/i686-redhat-linux/4.4.7/../../../../include/c++/4.4.7/i686-redhat-linux/bits/gthr-default.h:731: error: ‘__gthrw_pthread_mutex_lock’ cannot be used as a function
/usr/lib/gcc/i686-redhat-linux/4.4.7/../../../../include/c++/4.4.7/i686-redhat-linux/bits/gthr-default.h: In function ‘int __gthread_mutex_trylock(__gthread_mutex_t*)’:
/usr/lib/gcc/i686-redhat-linux/4.4.7/../../../../include/c++/4.4.7/i686-redhat-linux/bits/gthr-default.h:740: error: ‘__gthrw_pthread_mutex_trylock’ cannot be used as a function
/usr/lib/gcc/i686-redhat-linux/4.4.7/../../../../include/c++/4.4.7/i686-redhat-linux/bits/gthr-default.h: In function ‘int __gthread_mutex_timedlock(__gthread_mutex_t*, const __gthread_time_t*)’:
/usr/lib/gcc/i686-redhat-linux/4.4.7/../../../../include/c++/4.4.7/i686-redhat-linux/bits/gthr-default.h:752: error: ‘__gthrw_pthread_mutex_timedlock’ cannot be used as a function
/usr/lib/gcc/i686-redhat-linux/4.4.7/../../../../include/c++/4.4.7/i686-redhat-linux/bits/gthr-default.h: In function ‘int __gthread_mutex_unlock(__gthread_mutex_t*)’:
/usr/lib/gcc/i686-redhat-linux/4.4.7/../../../../include/c++/4.4.7/i686-redhat-linux/bits/gthr-default.h:763: error: ‘__gthrw_pthread_mutex_unlock’ cannot be used as a function
/usr/lib/gcc/i686-redhat-linux/4.4.7/../../../../include/c++/4.4.7/i686-redhat-linux/bits/gthr-default.h: In function ‘int __gthread_recursive_mutex_init_function(__gthread_recursive_mutex_t*)’:
/usr/lib/gcc/i686-redhat-linux/4.4.7/../../../../include/c++/4.4.7/i686-redhat-linux/bits/gthr-default.h:777: error: ‘__gthrw_pthread_mutexattr_init’ cannot be used as a function
/usr/lib/gcc/i686-redhat-linux/4.4.7/../../../../include/c++/4.4.7/i686-redhat-linux/bits/gthr-default.h:780: error: ‘PTHREAD_MUTEX_RECURSIVE’ was not declared in this scope
/usr/lib/gcc/i686-redhat-linux/4.4.7/../../../../include/c++/4.4.7/i686-redhat-linux/bits/gthr-default.h:780: error: ‘__gthrw_pthread_mutexattr_settype’ cannot be used as a function
/usr/lib/gcc/i686-redhat-linux/4.4.7/../../../../include/c++/4.4.7/i686-redhat-linux/bits/gthr-default.h:782: error: ‘__gthrw_pthread_mutex_init’ cannot be used as a function
/usr/lib/gcc/i686-redhat-linux/4.4.7/../../../../include/c++/4.4.7/i686-redhat-linux/bits/gthr-default.h:784: error: ‘__gthrw_pthread_mutexattr_destroy’ cannot be used as a function
/usr/lib/gcc/i686-redhat-linux/4.4.7/../../../../include/c++/4.4.7/i686-redhat-linux/bits/gthr-default.h: In function ‘int __gthread_cond_broadcast(__gthread_cond_t*)’:
/usr/lib/gcc/i686-redhat-linux/4.4.7/../../../../include/c++/4.4.7/i686-redhat-linux/bits/gthr-default.h:823: error: ‘__gthrw_pthread_cond_broadcast’ cannot be used as a function
/usr/lib/gcc/i686-redhat-linux/4.4.7/../../../../include/c++/4.4.7/i686-redhat-linux/bits/gthr-default.h: In function ‘int __gthread_cond_signal(__gthread_cond_t*)’:
/usr/lib/gcc/i686-redhat-linux/4.4.7/../../../../include/c++/4.4.7/i686-redhat-linux/bits/gthr-default.h:829: error: ‘__gthrw_pthread_cond_signal’ cannot be used as a function
/usr/lib/gcc/i686-redhat-linux/4.4.7/../../../../include/c++/4.4.7/i686-redhat-linux/bits/gthr-default.h: In function ‘int __gthread_cond_wait(__gthread_cond_t*, __gthread_mutex_t*)’:
/usr/lib/gcc/i686-redhat-linux/4.4.7/../../../../include/c++/4.4.7/i686-redhat-linux/bits/gthr-default.h:835: error: ‘__gthrw_pthread_cond_wait’ cannot be used as a function
/usr/lib/gcc/i686-redhat-linux/4.4.7/../../../../include/c++/4.4.7/i686-redhat-linux/bits/gthr-default.h: In function ‘int __gthread_cond_timedwait(__gthread_cond_t*, __gthread_mutex_t*, const __gthread_time_t*)’:
/usr/lib/gcc/i686-redhat-linux/4.4.7/../../../../include/c++/4.4.7/i686-redhat-linux/bits/gthr-default.h:842: error: ‘__gthrw_pthread_cond_timedwait’ cannot be used as a function
/usr/lib/gcc/i686-redhat-linux/4.4.7/../../../../include/c++/4.4.7/i686-redhat-linux/bits/gthr-default.h: In function ‘int __gthread_cond_destroy(__gthread_cond_t*)’:
/usr/lib/gcc/i686-redhat-linux/4.4.7/../../../../include/c++/4.4.7/i686-redhat-linux/bits/gthr-default.h:863: error: ‘__gthrw_pthread_cond_destroy’ cannot be used as a function
In file included from /usr/lib/gcc/i686-redhat-linux/4.4.7/../../../../include/c++/4.4.7/bits/ios_base.h:43,
                 from /usr/lib/gcc/i686-redhat-linux/4.4.7/../../../../include/c++/4.4.7/ios:43,
                 from /usr/lib/gcc/i686-redhat-linux/4.4.7/../../../../include/c++/4.4.7/ostream:40,
                 from /usr/lib/gcc/i686-redhat-linux/4.4.7/../../../../include/c++/4.4.7/iostream:40,
                 from my_json.h:3,
                 from my_json.cpp:1:
/usr/lib/gcc/i686-redhat-linux/4.4.7/../../../../include/c++/4.4.7/bits/locale_classes.h: At global scope:
/usr/lib/gcc/i686-redhat-linux/4.4.7/../../../../include/c++/4.4.7/bits/locale_classes.h:344: error: ‘__c_locale’ does not name a type
/usr/lib/gcc/i686-redhat-linux/4.4.7/../../../../include/c++/4.4.7/bits/locale_classes.h:375: error: ‘__c_locale’ has not been declared
/usr/lib/gcc/i686-redhat-linux/4.4.7/../../../../include/c++/4.4.7/bits/locale_classes.h:376: error: ‘__c_locale’ has not been declared
/usr/lib/gcc/i686-redhat-linux/4.4.7/../../../../include/c++/4.4.7/bits/locale_classes.h:378: error: ‘__c_locale’ does not name a type
/usr/lib/gcc/i686-redhat-linux/4.4.7/../../../../include/c++/4.4.7/bits/locale_classes.h:382: error: ‘__c_locale’ has not been declared
/usr/lib/gcc/i686-redhat-linux/4.4.7/../../../../include/c++/4.4.7/bits/locale_classes.h:386: error: ‘__c_locale’ does not name a type
/usr/lib/gcc/i686-redhat-linux/4.4.7/../../../../include/c++/4.4.7/bits/locale_classes.h:617: error: ‘__c_locale’ does not name a type
/usr/lib/gcc/i686-redhat-linux/4.4.7/../../../../include/c++/4.4.7/bits/locale_classes.h:645: error: expected ‘)’ before ‘__cloc’
/usr/lib/gcc/i686-redhat-linux/4.4.7/../../../../include/c++/4.4.7/bits/locale_classes.h: In constructor ‘std::collate<_CharT>::collate(size_t)’:
/usr/lib/gcc/i686-redhat-linux/4.4.7/../../../../include/c++/4.4.7/bits/locale_classes.h:632: error: class ‘std::collate<_CharT>’ does not have any field named ‘_M_c_locale_collate’
/usr/lib/gcc/i686-redhat-linux/4.4.7/../../../../include/c++/4.4.7/bits/locale_classes.h:632: error: there are no arguments to ‘_S_get_c_locale’ that depend on a template parameter, so a declaration of ‘_S_get_c_locale’ must be available
/usr/lib/gcc/i686-redhat-linux/4.4.7/../../../../include/c++/4.4.7/bits/locale_classes.h:632: note: (if you use ‘-fpermissive’, G++ will accept your code, but allowing the use of an undeclared name is deprecated)
/usr/lib/gcc/i686-redhat-linux/4.4.7/../../../../include/c++/4.4.7/bits/locale_classes.h: In destructor ‘virtual std::collate<_CharT>::~collate()’:
/usr/lib/gcc/i686-redhat-linux/4.4.7/../../../../include/c++/4.4.7/bits/locale_classes.h:709: error: ‘_M_c_locale_collate’ was not declared in this scope
In file included from /usr/lib/gcc/i686-redhat-linux/4.4.7/../../../../include/c++/4.4.7/cwctype:46,
                 from /usr/lib/gcc/i686-redhat-linux/4.4.7/../../../../include/c++/4.4.7/bits/locale_facets.h:41,
                 from /usr/lib/gcc/i686-redhat-linux/4.4.7/../../../../include/c++/4.4.7/bits/basic_ios.h:39,
                 from /usr/lib/gcc/i686-redhat-linux/4.4.7/../../../../include/c++/4.4.7/ios:45,
                 from /usr/lib/gcc/i686-redhat-linux/4.4.7/../../../../include/c++/4.4.7/ostream:40,
                 from /usr/lib/gcc/i686-redhat-linux/4.4.7/../../../../include/c++/4.4.7/iostream:40,
                 from my_json.h:3,
                 from my_json.cpp:1:
/usr/include/wctype.h: At global scope:
/usr/include/wctype.h:53: error: expected constructor, destructor, or type conversion before ‘typedef’
/usr/include/wctype.h:72: error: expected constructor, destructor, or type conversion before ‘enum’
/usr/include/wctype.h:103: error: ‘__BEGIN_DECLS’ does not name a type
/usr/include/wctype.h:118: error: expected initializer before ‘__THROW’
/usr/include/wctype.h:121: error: expected initializer before ‘__THROW’
/usr/include/wctype.h:125: error: expected initializer before ‘__THROW’
/usr/include/wctype.h:129: error: expected initializer before ‘__THROW’
/usr/include/wctype.h:134: error: expected initializer before ‘__THROW’
/usr/include/wctype.h:137: error: expected initializer before ‘__THROW’
/usr/include/wctype.h:142: error: expected initializer before ‘__THROW’
/usr/include/wctype.h:147: error: expected initializer before ‘__THROW’
/usr/include/wctype.h:152: error: expected initializer before ‘__THROW’
/usr/include/wctype.h:157: error: expected initializer before ‘__THROW’
/usr/include/wctype.h:172: error: ‘wctype_t’ does not name a type
/usr/include/wctype.h:176: error: ‘wctype_t’ has not been declared
/usr/include/wctype.h:176: error: expected initializer before ‘__THROW’
/usr/include/wctype.h:177: error: ‘__END_NAMESPACE_C99’ does not name a type
/usr/include/wctype.h:188: error: ‘__END_NAMESPACE_C99’ does not name a type
/usr/include/wctype.h:198: error: expected initializer before ‘__THROW’
/usr/include/wctype.h:199: error: ‘__END_NAMESPACE_C99’ does not name a type
/usr/include/wctype.h:222: error: ‘wctrans_t’ has not been declared
/usr/include/wctype.h:222: error: expected initializer before ‘__THROW’
/usr/include/wctype.h:223: error: ‘__END_NAMESPACE_C99’ does not name a type
In file included from /usr/lib/gcc/i686-redhat-linux/4.4.7/../../../../include/c++/4.4.7/bits/locale_facets.h:43,
                 from /usr/lib/gcc/i686-redhat-linux/4.4.7/../../../../include/c++/4.4.7/bits/basic_ios.h:39,
                 from /usr/lib/gcc/i686-redhat-linux/4.4.7/../../../../include/c++/4.4.7/ios:45,
                 from /usr/lib/gcc/i686-redhat-linux/4.4.7/../../../../include/c++/4.4.7/ostream:40,
                 from /usr/lib/gcc/i686-redhat-linux/4.4.7/../../../../include/c++/4.4.7/iostream:40,
                 from my_json.h:3,
                 from my_json.cpp:1:
/usr/lib/gcc/i686-redhat-linux/4.4.7/../../../../include/c++/4.4.7/i686-redhat-linux/bits/ctype_base.h:48: error: ‘_ISupper’ was not declared in this scope
/usr/lib/gcc/i686-redhat-linux/4.4.7/../../../../include/c++/4.4.7/i686-redhat-linux/bits/ctype_base.h:49: error: ‘_ISlower’ was not declared in this scope
/usr/lib/gcc/i686-redhat-linux/4.4.7/../../../../include/c++/4.4.7/i686-redhat-linux/bits/ctype_base.h:50: error: ‘_ISalpha’ was not declared in this scope
/usr/lib/gcc/i686-redhat-linux/4.4.7/../../../../include/c++/4.4.7/i686-redhat-linux/bits/ctype_base.h:51: error: ‘_ISdigit’ was not declared in this scope
/usr/lib/gcc/i686-redhat-linux/4.4.7/../../../../include/c++/4.4.7/i686-redhat-linux/bits/ctype_base.h:52: error: ‘_ISxdigit’ was not declared in this scope
/usr/lib/gcc/i686-redhat-linux/4.4.7/../../../../include/c++/4.4.7/i686-redhat-linux/bits/ctype_base.h:53: error: ‘_ISspace’ was not declared in this scope
/usr/lib/gcc/i686-redhat-linux/4.4.7/../../../../include/c++/4.4.7/i686-redhat-linux/bits/ctype_base.h:54: error: ‘_ISprint’ was not declared in this scope
/usr/lib/gcc/i686-redhat-linux/4.4.7/../../../../include/c++/4.4.7/i686-redhat-linux/bits/ctype_base.h:55: error: ‘_ISalpha’ was not declared in this scope
/usr/lib/gcc/i686-redhat-linux/4.4.7/../../../../include/c++/4.4.7/i686-redhat-linux/bits/ctype_base.h:55: error: ‘_ISdigit’ was not declared in this scope
/usr/lib/gcc/i686-redhat-linux/4.4.7/../../../../include/c++/4.4.7/i686-redhat-linux/bits/ctype_base.h:55: error: ‘_ISpunct’ was not declared in this scope
/usr/lib/gcc/i686-redhat-linux/4.4.7/../../../../include/c++/4.4.7/i686-redhat-linux/bits/ctype_base.h:56: error: ‘_IScntrl’ was not declared in this scope
/usr/lib/gcc/i686-redhat-linux/4.4.7/../../../../include/c++/4.4.7/i686-redhat-linux/bits/ctype_base.h:57: error: ‘_ISpunct’ was not declared in this scope
/usr/lib/gcc/i686-redhat-linux/4.4.7/../../../../include/c++/4.4.7/i686-redhat-linux/bits/ctype_base.h:58: error: ‘_ISalpha’ was not declared in this scope
/usr/lib/gcc/i686-redhat-linux/4.4.7/../../../../include/c++/4.4.7/i686-redhat-linux/bits/ctype_base.h:58: error: ‘_ISdigit’ was not declared in this scope
In file included from /usr/lib/gcc/i686-redhat-linux/4.4.7/../../../../include/c++/4.4.7/bits/basic_ios.h:39,
                 from /usr/lib/gcc/i686-redhat-linux/4.4.7/../../../../include/c++/4.4.7/ios:45,
                 from /usr/lib/gcc/i686-redhat-linux/4.4.7/../../../../include/c++/4.4.7/ostream:40,
                 from /usr/lib/gcc/i686-redhat-linux/4.4.7/../../../../include/c++/4.4.7/iostream:40,
                 from my_json.h:3,
                 from my_json.cpp:1:
/usr/lib/gcc/i686-redhat-linux/4.4.7/../../../../include/c++/4.4.7/bits/locale_facets.h:67: error: expected ‘,’ or ‘...’ before ‘&’ token
/usr/lib/gcc/i686-redhat-linux/4.4.7/../../../../include/c++/4.4.7/bits/locale_facets.h:73: error: expected ‘,’ or ‘...’ before ‘&’ token
/usr/lib/gcc/i686-redhat-linux/4.4.7/../../../../include/c++/4.4.7/bits/locale_facets.h:78: error: expected ‘,’ or ‘...’ before ‘&’ token
/usr/lib/gcc/i686-redhat-linux/4.4.7/../../../../include/c++/4.4.7/bits/locale_facets.h:83: error: expected ‘,’ or ‘...’ before ‘&’ token
/usr/lib/gcc/i686-redhat-linux/4.4.7/../../../../include/c++/4.4.7/bits/locale_facets.h:683: error: ‘__c_locale’ does not name a type
/usr/lib/gcc/i686-redhat-linux/4.4.7/../../../../include/c++/4.4.7/bits/locale_facets.h:724: error: expected ‘)’ before ‘__cloc’
/usr/lib/gcc/i686-redhat-linux/4.4.7/../../../../include/c++/4.4.7/bits/locale_facets.h:1181: error: ‘wctype_t’ does not name a type
/usr/lib/gcc/i686-redhat-linux/4.4.7/../../../../include/c++/4.4.7/bits/locale_facets.h:1184: error: ‘__c_locale’ does not name a type
/usr/lib/gcc/i686-redhat-linux/4.4.7/../../../../include/c++/4.4.7/bits/locale_facets.h:1193: error: ‘__wmask_type’ does not name a type
/usr/lib/gcc/i686-redhat-linux/4.4.7/../../../../include/c++/4.4.7/bits/locale_facets.h:1219: error: expected ‘)’ before ‘__cloc’
/usr/lib/gcc/i686-redhat-linux/4.4.7/../../../../include/c++/4.4.7/bits/locale_facets.h:1222: error: ‘__wmask_type’ does not name a type
In file included from /usr/lib/gcc/i686-redhat-linux/4.4.7/../../../../include/c++/4.4.7/bits/basic_ios.h:39,
                 from /usr/lib/gcc/i686-redhat-linux/4.4.7/../../../../include/c++/4.4.7/ios:45,
                 from /usr/lib/gcc/i686-redhat-linux/4.4.7/../../../../include/c++/4.4.7/ostream:40,
                 from /usr/lib/gcc/i686-redhat-linux/4.4.7/../../../../include/c++/4.4.7/iostream:40,
                 from my_json.h:3,
                 from my_json.cpp:1:
/usr/lib/gcc/i686-redhat-linux/4.4.7/../../../../include/c++/4.4.7/bits/locale_facets.h:1687: error: expected ‘)’ before ‘__cloc’
/usr/lib/gcc/i686-redhat-linux/4.4.7/../../../../include/c++/4.4.7/bits/locale_facets.h:1844: error: ‘__c_locale’ has not been declared
/usr/lib/gcc/i686-redhat-linux/4.4.7/../../../../include/c++/4.4.7/bits/locale_facets.h:1855: error: variable or field ‘_M_initialize_numpunct’ declared void
/usr/lib/gcc/i686-redhat-linux/4.4.7/../../../../include/c++/4.4.7/bits/locale_facets.h:1855: error: ‘__c_locale’ was not declared in this scope
/usr/lib/gcc/i686-redhat-linux/4.4.7/../../../../include/c++/4.4.7/bits/locale_facets.h:1863: error: variable or field ‘_M_initialize_numpunct’ declared void
/usr/lib/gcc/i686-redhat-linux/4.4.7/../../../../include/c++/4.4.7/bits/locale_facets.h:1863: error: ‘__c_locale’ was not declared in this scope
/usr/lib/gcc/i686-redhat-linux/4.4.7/../../../../include/c++/4.4.7/bits/locale_facets.h: In constructor ‘std::numpunct_byname<_CharT>::numpunct_byname(const char*, size_t)’:
/usr/lib/gcc/i686-redhat-linux/4.4.7/../../../../include/c++/4.4.7/bits/locale_facets.h:1881: error: ‘__c_locale’ was not declared in this scope
/usr/lib/gcc/i686-redhat-linux/4.4.7/../../../../include/c++/4.4.7/bits/locale_facets.h:1881: error: expected ‘;’ before ‘__tmp’
/usr/lib/gcc/i686-redhat-linux/4.4.7/../../../../include/c++/4.4.7/bits/locale_facets.h:1882: error: ‘__tmp’ was not declared in this scope
In file included from /usr/lib/gcc/i686-redhat-linux/4.4.7/../../../../include/c++/4.4.7/bits/locale_facets.h:2599,
                 from /usr/lib/gcc/i686-redhat-linux/4.4.7/../../../../include/c++/4.4.7/bits/basic_ios.h:39,
                 from /usr/lib/gcc/i686-redhat-linux/4.4.7/../../../../include/c++/4.4.7/ios:45,
                 from /usr/lib/gcc/i686-redhat-linux/4.4.7/../../../../include/c++/4.4.7/ostream:40,
                 from /usr/lib/gcc/i686-redhat-linux/4.4.7/../../../../include/c++/4.4.7/iostream:40,
                 from my_json.h:3,
                 from my_json.cpp:1:
/usr/lib/gcc/i686-redhat-linux/4.4.7/../../../../include/c++/4.4.7/bits/locale_facets.tcc: In member function ‘virtual _InIter std::num_get<_CharT, _InIter>::do_get(_InIter, _InIter, std::ios_base&, std::ios_base::iostate&, float&) const’:
/usr/lib/gcc/i686-redhat-linux/4.4.7/../../../../include/c++/4.4.7/bits/locale_facets.tcc:677: error: there are no arguments to ‘_S_get_c_locale’ that depend on a template parameter, so a declaration of ‘_S_get_c_locale’ must be available
/usr/lib/gcc/i686-redhat-linux/4.4.7/../../../../include/c++/4.4.7/bits/locale_facets.tcc: In member function ‘virtual _InIter std::num_get<_CharT, _InIter>::do_get(_InIter, _InIter, std::ios_base&, std::ios_base::iostate&, double&) const’:
/usr/lib/gcc/i686-redhat-linux/4.4.7/../../../../include/c++/4.4.7/bits/locale_facets.tcc:692: error: there are no arguments to ‘_S_get_c_locale’ that depend on a template parameter, so a declaration of ‘_S_get_c_locale’ must be available
/usr/lib/gcc/i686-redhat-linux/4.4.7/../../../../include/c++/4.4.7/bits/locale_facets.tcc: In member function ‘virtual _InIter std::num_get<_CharT, _InIter>::do_get(_InIter, _InIter, std::ios_base&, std::ios_base::iostate&, long double&) const’:
/usr/lib/gcc/i686-redhat-linux/4.4.7/../../../../include/c++/4.4.7/bits/locale_facets.tcc:724: error: there are no arguments to ‘_S_get_c_locale’ that depend on a template parameter, so a declaration of ‘_S_get_c_locale’ must be available
/usr/lib/gcc/i686-redhat-linux/4.4.7/../../../../include/c++/4.4.7/bits/locale_facets.tcc: In member function ‘_OutIter std::num_put<_CharT, _OutIter>::_M_insert_float(_OutIter, std::ios_base&, _CharT, char, _ValueT) const’:
/usr/lib/gcc/i686-redhat-linux/4.4.7/../../../../include/c++/4.4.7/bits/locale_facets.tcc:980: error: there are no arguments to ‘_S_get_c_locale’ that depend on a template parameter, so a declaration of ‘_S_get_c_locale’ must be available
/usr/lib/gcc/i686-redhat-linux/4.4.7/../../../../include/c++/4.4.7/bits/locale_facets.tcc:988: error: there are no arguments to ‘_S_get_c_locale’ that depend on a template parameter, so a declaration of ‘_S_get_c_locale’ must be available
